# JRE version: OpenJDK Runtime Environment Temurin-21+35-202309042131 (21.0+35) (build 21-beta+35-ea)
# Java VM: OpenJDK 64-Bit Server VM Temurin-21+35-202309042131 (21-beta+35-ea, mixed mode, emulated-client, sharing, tiered, compressed oops, compressed class ptrs, g1 gc, windows-amd64)
GC Precious Log:
 CardTable entry size: 512
 Card Set container configuration: InlinePtr #cards 5 size 8 Array Of Cards #cards 12 size 40 Howl #buckets 4 coarsen threshold 1843 Howl Bitmap #cards 512 size 80 coarsen threshold 460 Card regions per heap region 1 cards per card region 2048
 CPUs: 8 total, 8 available
 Memory: 7778M
 Large Page Support: Disabled
 NUMA Support: Disabled
 Compressed Oops: Enabled (32-bit)
 Heap Region Size: 1M
 Heap Min Capacity: 8M
 Heap Initial Capacity: 122M
 Heap Max Capacity: 1946M
 Pre-touch: Disabled
 Parallel Workers: 8
 Concurrent Workers: 2
 Concurrent Refinement Workers: 8
 Periodic GC: Disabled
Heap:
 garbage-first heap   total 84992K, used 75748K [0x0000000086600000, 0x0000000100000000)
  region size 1024K, 53 young (54272K), 5 survivors (5120K)
 Metaspace       used 68378K, committed 69120K, reserved 1114112K
  class space    used 9607K, committed 9920K, reserved 1048576K
GC Heap History (20 events):
Event: 4.152 GC heap after
{Heap after GC invocations=16 (full 0):
 garbage-first heap   total 70656K, used 21714K [0x0000000086600000, 0x0000000100000000)
  region size 1024K, 4 young (4096K), 4 survivors (4096K)
 Metaspace       used 39366K, committed 40000K, reserved 1114112K
  class space    used 5252K, committed 5504K, reserved 1048576K
}
Event: 4.523 GC heap before
{Heap before GC invocations=16 (full 0):
 garbage-first heap   total 70656K, used 59602K [0x0000000086600000, 0x0000000100000000)
  region size 1024K, 41 young (41984K), 4 survivors (4096K)
 Metaspace       used 42903K, committed 43520K, reserved 1114112K
  class space    used 5798K, committed 6080K, reserved 1048576K
}
Event: 4.527 GC heap after
{Heap after GC invocations=17 (full 0):
 garbage-first heap   total 70656K, used 22882K [0x0000000086600000, 0x0000000100000000)
  region size 1024K, 4 young (4096K), 4 survivors (4096K)
 Metaspace       used 42903K, committed 43520K, reserved 1114112K
  class space    used 5798K, committed 6080K, reserved 1048576K
}
Event: 4.862 GC heap before
{Heap before GC invocations=17 (full 0):
 garbage-first heap   total 70656K, used 60770K [0x0000000086600000, 0x0000000100000000)
  region size 1024K, 41 young (41984K), 4 survivors (4096K)
 Metaspace       used 46703K, committed 47360K, reserved 1114112K
  class space    used 6305K, committed 6592K, reserved 1048576K
}
Event: 4.865 GC heap after
{Heap after GC invocations=18 (full 0):
 garbage-first heap   total 70656K, used 23276K [0x0000000086600000, 0x0000000100000000)
  region size 1024K, 4 young (4096K), 4 survivors (4096K)
 Metaspace       used 46703K, committed 47360K, reserved 1114112K
  class space    used 6305K, committed 6592K, reserved 1048576K
}
Event: 5.092 GC heap before
{Heap before GC invocations=18 (full 0):
 garbage-first heap   total 70656K, used 51948K [0x0000000086600000, 0x0000000100000000)
  region size 1024K, 33 young (33792K), 4 survivors (4096K)
 Metaspace       used 50245K, committed 50816K, reserved 1114112K
  class space    used 6845K, committed 7104K, reserved 1048576K
}
Event: 5.095 GC heap after
{Heap after GC invocations=19 (full 0):
 garbage-first heap   total 70656K, used 24200K [0x0000000086600000, 0x0000000100000000)
  region size 1024K, 4 young (4096K), 4 survivors (4096K)
 Metaspace       used 50245K, committed 50816K, reserved 1114112K
  class space    used 6845K, committed 7104K, reserved 1048576K
}
Event: 5.435 GC heap before
{Heap before GC invocations=20 (full 0):
 garbage-first heap   total 70656K, used 61064K [0x0000000086600000, 0x0000000100000000)
  region size 1024K, 40 young (40960K), 4 survivors (4096K)
 Metaspace       used 53667K, committed 54272K, reserved 1114112K
  class space    used 7528K, committed 7808K, reserved 1048576K
}
Event: 5.438 GC heap after
{Heap after GC invocations=21 (full 0):
 garbage-first heap   total 70656K, used 24493K [0x0000000086600000, 0x0000000100000000)
  region size 1024K, 3 young (3072K), 3 survivors (3072K)
 Metaspace       used 53667K, committed 54272K, reserved 1114112K
  class space    used 7528K, committed 7808K, reserved 1048576K
}
Event: 5.734 GC heap before
{Heap before GC invocations=21 (full 0):
 garbage-first heap   total 70656K, used 63405K [0x0000000086600000, 0x0000000100000000)
  region size 1024K, 41 young (41984K), 3 survivors (3072K)
 Metaspace       used 57529K, committed 58176K, reserved 1114112K
  class space    used 8041K, committed 8320K, reserved 1048576K
}
Event: 5.738 GC heap after
{Heap after GC invocations=22 (full 0):
 garbage-first heap   total 70656K, used 25697K [0x0000000086600000, 0x0000000100000000)
  region size 1024K, 5 young (5120K), 5 survivors (5120K)
 Metaspace       used 57529K, committed 58176K, reserved 1114112K
  class space    used 8041K, committed 8320K, reserved 1048576K
}
Event: 6.070 GC heap before
{Heap before GC invocations=22 (full 0):
 garbage-first heap   total 70656K, used 60513K [0x0000000086600000, 0x0000000100000000)
  region size 1024K, 39 young (39936K), 5 survivors (5120K)
 Metaspace       used 59607K, committed 60288K, reserved 1114112K
  class space    used 8358K, committed 8640K, reserved 1048576K
}
Event: 6.075 GC heap after
{Heap after GC invocations=23 (full 0):
 garbage-first heap   total 84992K, used 27723K [0x0000000086600000, 0x0000000100000000)
  region size 1024K, 5 young (5120K), 5 survivors (5120K)
 Metaspace       used 59607K, committed 60288K, reserved 1114112K
  class space    used 8358K, committed 8640K, reserved 1048576K
}
Event: 26.755 GC heap before
{Heap before GC invocations=23 (full 0):
 garbage-first heap   total 84992K, used 71755K [0x0000000086600000, 0x0000000100000000)
  region size 1024K, 49 young (50176K), 5 survivors (5120K)
 Metaspace       used 63514K, committed 64256K, reserved 1114112K
  class space    used 8921K, committed 9280K, reserved 1048576K
}
Event: 26.761 GC heap after
{Heap after GC invocations=24 (full 0):
 garbage-first heap   total 84992K, used 30059K [0x0000000086600000, 0x0000000100000000)
  region size 1024K, 6 young (6144K), 6 survivors (6144K)
 Metaspace       used 63514K, committed 64256K, reserved 1114112K
  class space    used 8921K, committed 9280K, reserved 1048576K
}
Event: 27.151 GC heap before
{Heap before GC invocations=24 (full 0):
 garbage-first heap   total 84992K, used 72043K [0x0000000086600000, 0x0000000100000000)
  region size 1024K, 48 young (49152K), 6 survivors (6144K)
 Metaspace       used 67639K, committed 68416K, reserved 1114112K
  class space    used 9499K, committed 9856K, reserved 1048576K
}
Event: 27.156 GC heap after
{Heap after GC invocations=25 (full 0):
 garbage-first heap   total 84992K, used 32328K [0x0000000086600000, 0x0000000100000000)
  region size 1024K, 5 young (5120K), 5 survivors (5120K)
 Metaspace       used 67639K, committed 68416K, reserved 1114112K
  class space    used 9499K, committed 9856K, reserved 1048576K
}
Event: 754.148 GC heap before
{Heap before GC invocations=26 (full 0):
 garbage-first heap   total 84992K, used 53832K [0x0000000086600000, 0x0000000100000000)
  region size 1024K, 28 young (28672K), 5 survivors (5120K)
 Metaspace       used 68199K, committed 68928K, reserved 1114112K
  class space    used 9592K, committed 9920K, reserved 1048576K
}
Event: 754.184 GC heap after
{Heap after GC invocations=27 (full 1):
 garbage-first heap   total 84992K, used 26596K [0x0000000086600000, 0x0000000100000000)
  region size 1024K, 0 young (0K), 0 survivors (0K)
 Metaspace       used 68199K, committed 68928K, reserved 1114112K
  class space    used 9592K, committed 9920K, reserved 1048576K
}
Event: 2341.325 GC heap before
{Heap before GC invocations=27 (full 1):
 garbage-first heap   total 84992K, used 74724K [0x0000000086600000, 0x0000000100000000)
  region size 1024K, 48 young (49152K), 0 survivors (0K)
 Metaspace       used 68378K, committed 69120K, reserved 1114112K
  class space    used 9607K, committed 9920K, reserved 1048576K
}

